cut: you must specify a list of bytes, characters, or fields
Try 'cut --help' for more information.
x
u
l
xo
ui
ln
x or
unix
linu
unix or
is unix
is linu
cut: you must specify a list of bytes, characters, or fields
Try 'cut --help' for more information.
cut: you must specify a list of bytes, characters, or fields
Try 'cut --help' for more information.
cut: you must specify a list of bytes, characters, or fields
Try 'cut --help' for more information.
Executing command: cut -c4 data/input/file
**************
Cuts character at position 4
**************
x
u
l
x
u
l
#######################################
Executing command: cut -c4,6 data/input/file
**************
Cuts characters at position 4 & 6
**************
xo
ui
ln
xo
ui
ln
#######################################
Executing command: cut -c4-7 data/input/file
x or
unix
linu
x or
unix
linu
#######################################
Executing command: cut -c-7 data/input/file
unix or
is unix
is linu
unix or
is unix
is linu
#######################################
Executing command: cut data/input/file
cut: you must specify a list of bytes, characters, or fields
Try 'cut --help' for more information.
cut: you must specify a list of bytes, characters, or fields
Try 'cut --help' for more information.
#######################################
Executing command: cut data/input/file
cut: you must specify a list of bytes, characters, or fields
Try 'cut --help' for more information.
cut: you must specify a list of bytes, characters, or fields
Try 'cut --help' for more information.
#######################################
Executing command: cut data/input/file
cut: you must specify a list of bytes, characters, or fields
Try 'cut --help' for more information.
cut: you must specify a list of bytes, characters, or fields
Try 'cut --help' for more information.
#######################################
